# JRE version: OpenJDK Runtime Environment (8.0_152-b01) (build 1.8.0_152-release-1248-b01)
# Java VM: OpenJDK 64-Bit Server VM (25.152-b01 mixed mode windows-amd64 compressed oops)
Heap:
 PSYoungGen      total 384512K, used 104432K [0x00000000e0000000, 0x00000000f8b80000, 0x0000000100000000)
  eden space 364032K, 27% used [0x00000000e0000000,0x00000000e6008430,0x00000000f6380000)
  from space 20480K, 29% used [0x00000000f6380000,0x00000000f6973ec8,0x00000000f7780000)
  to   space 16384K, 0% used [0x00000000f7b80000,0x00000000f7b80000,0x00000000f8b80000)
 ParOldGen       total 131072K, used 59486K [0x00000000a0000000, 0x00000000a8000000, 0x00000000e0000000)
  object space 131072K, 45% used [0x00000000a0000000,0x00000000a3a17920,0x00000000a8000000)
 Metaspace       used 84549K, capacity 87742K, committed 87984K, reserved 1126400K
  class space    used 10950K, capacity 11648K, committed 11696K, reserved 1048576K
GC Heap History (10 events):
Event: 620.243 GC heap before
{Heap before GC invocations=20 (full 3):
 PSYoungGen      total 261632K, used 253941K [0x00000000e0000000, 0x00000000f1500000, 0x0000000100000000)
  eden space 249856K, 100% used [0x00000000e0000000,0x00000000ef400000,0x00000000ef400000)
  from space 11776K, 34% used [0x00000000f0980000,0x00000000f0d7d740,0x00000000f1500000)
  to   space 16896K, 0% used [0x00000000ef400000,0x00000000ef400000,0x00000000f0480000)
 ParOldGen       total 131072K, used 41452K [0x00000000a0000000, 0x00000000a8000000, 0x00000000e0000000)
  object space 131072K, 31% used [0x00000000a0000000,0x00000000a287b080,0x00000000a8000000)
 Metaspace       used 82505K, capacity 85498K, committed 85808K, reserved 1124352K
  class space    used 10882K, capacity 11520K, committed 11568K, reserved 1048576K
Event: 620.276 GC heap after
Heap after GC invocations=20 (full 3):
 PSYoungGen      total 266752K, used 16890K [0x00000000e0000000, 0x00000000f5780000, 0x0000000100000000)
  eden space 249856K, 0% used [0x00000000e0000000,0x00000000e0000000,0x00000000ef400000)
  from space 16896K, 99% used [0x00000000ef400000,0x00000000f047e958,0x00000000f0480000)
  to   space 19968K, 0% used [0x00000000f4400000,0x00000000f4400000,0x00000000f5780000)
 ParOldGen       total 131072K, used 44108K [0x00000000a0000000, 0x00000000a8000000, 0x00000000e0000000)
  object space 131072K, 33% used [0x00000000a0000000,0x00000000a2b133e8,0x00000000a8000000)
 Metaspace       used 82505K, capacity 85498K, committed 85808K, reserved 1124352K
  class space    used 10882K, capacity 11520K, committed 11568K, reserved 1048576K
}
Event: 621.301 GC heap before
{Heap before GC invocations=21 (full 3):
 PSYoungGen      total 266752K, used 266571K [0x00000000e0000000, 0x00000000f5780000, 0x0000000100000000)
  eden space 249856K, 99% used [0x00000000e0000000,0x00000000ef3d4668,0x00000000ef400000)
  from space 16896K, 99% used [0x00000000ef400000,0x00000000f047e958,0x00000000f0480000)
  to   space 19968K, 0% used [0x00000000f4400000,0x00000000f4400000,0x00000000f5780000)
 ParOldGen       total 131072K, used 44108K [0x00000000a0000000, 0x00000000a8000000, 0x00000000e0000000)
  object space 131072K, 33% used [0x00000000a0000000,0x00000000a2b133e8,0x00000000a8000000)
 Metaspace       used 82600K, capacity 85566K, committed 85808K, reserved 1124352K
  class space    used 10883K, capacity 11520K, committed 11568K, reserved 1048576K
Event: 621.317 GC heap after
Heap after GC invocations=21 (full 3):
 PSYoungGen      total 323584K, used 2589K [0x00000000e0000000, 0x00000000f5400000, 0x0000000100000000)
  eden space 307200K, 0% used [0x00000000e0000000,0x00000000e0000000,0x00000000f2c00000)
  from space 16384K, 15% used [0x00000000f4400000,0x00000000f46876e8,0x00000000f5400000)
  to   space 20480K, 0% used [0x00000000f2c00000,0x00000000f2c00000,0x00000000f4000000)
 ParOldGen       total 131072K, used 51334K [0x00000000a0000000, 0x00000000a8000000, 0x00000000e0000000)
  object space 131072K, 39% used [0x00000000a0000000,0x00000000a32219c0,0x00000000a8000000)
 Metaspace       used 82600K, capacity 85566K, committed 85808K, reserved 1124352K
  class space    used 10883K, capacity 11520K, committed 11568K, reserved 1048576K
}
Event: 794.247 GC heap before
{Heap before GC invocations=22 (full 3):
 PSYoungGen      total 323584K, used 309789K [0x00000000e0000000, 0x00000000f5400000, 0x0000000100000000)
  eden space 307200K, 100% used [0x00000000e0000000,0x00000000f2c00000,0x00000000f2c00000)
  from space 16384K, 15% used [0x00000000f4400000,0x00000000f46876e8,0x00000000f5400000)
  to   space 20480K, 0% used [0x00000000f2c00000,0x00000000f2c00000,0x00000000f4000000)
 ParOldGen       total 131072K, used 51334K [0x00000000a0000000, 0x00000000a8000000, 0x00000000e0000000)
  object space 131072K, 39% used [0x00000000a0000000,0x00000000a32219c0,0x00000000a8000000)
 Metaspace       used 83162K, capacity 86216K, committed 86320K, reserved 1124352K
  class space    used 10889K, capacity 11531K, committed 11568K, reserved 1048576K
Event: 794.317 GC heap after
Heap after GC invocations=22 (full 3):
 PSYoungGen      total 327680K, used 11142K [0x00000000e0000000, 0x00000000f8f00000, 0x0000000100000000)
  eden space 307200K, 0% used [0x00000000e0000000,0x00000000e0000000,0x00000000f2c00000)
  from space 20480K, 54% used [0x00000000f2c00000,0x00000000f36e1978,0x00000000f4000000)
  to   space 19968K, 0% used [0x00000000f7b80000,0x00000000f7b80000,0x00000000f8f00000)
 ParOldGen       total 131072K, used 51678K [0x00000000a0000000, 0x00000000a8000000, 0x00000000e0000000)
  object space 131072K, 39% used [0x00000000a0000000,0x00000000a32779e0,0x00000000a8000000)
 Metaspace       used 83162K, capacity 86216K, committed 86320K, reserved 1124352K
  class space    used 10889K, capacity 11531K, committed 11568K, reserved 1048576K
}
Event: 795.214 GC heap before
{Heap before GC invocations=23 (full 3):
 PSYoungGen      total 327680K, used 318114K [0x00000000e0000000, 0x00000000f8f00000, 0x0000000100000000)
  eden space 307200K, 99% used [0x00000000e0000000,0x00000000f2bc6fb0,0x00000000f2c00000)
  from space 20480K, 54% used [0x00000000f2c00000,0x00000000f36e1978,0x00000000f4000000)
  to   space 19968K, 0% used [0x00000000f7b80000,0x00000000f7b80000,0x00000000f8f00000)
 ParOldGen       total 131072K, used 51678K [0x00000000a0000000, 0x00000000a8000000, 0x00000000e0000000)
  object space 131072K, 39% used [0x00000000a0000000,0x00000000a32779e0,0x00000000a8000000)
 Metaspace       used 83289K, capacity 86316K, committed 86576K, reserved 1124352K
  class space    used 10892K, capacity 11537K, committed 11568K, reserved 1048576K
Event: 795.227 GC heap after
Heap after GC invocations=23 (full 3):
 PSYoungGen      total 380416K, used 1515K [0x00000000e0000000, 0x00000000f8b80000, 0x0000000100000000)
  eden space 364032K, 0% used [0x00000000e0000000,0x00000000e0000000,0x00000000f6380000)
  from space 16384K, 9% used [0x00000000f7b80000,0x00000000f7cfad28,0x00000000f8b80000)
  to   space 20480K, 0% used [0x00000000f6380000,0x00000000f6380000,0x00000000f7780000)
 ParOldGen       total 131072K, used 59478K [0x00000000a0000000, 0x00000000a8000000, 0x00000000e0000000)
  object space 131072K, 45% used [0x00000000a0000000,0x00000000a3a15920,0x00000000a8000000)
 Metaspace       used 83289K, capacity 86316K, committed 86576K, reserved 1124352K
  class space    used 10892K, capacity 11537K, committed 11568K, reserved 1048576K
}
Event: 918.439 GC heap before
{Heap before GC invocations=24 (full 3):
 PSYoungGen      total 380416K, used 365547K [0x00000000e0000000, 0x00000000f8b80000, 0x0000000100000000)
  eden space 364032K, 100% used [0x00000000e0000000,0x00000000f6380000,0x00000000f6380000)
  from space 16384K, 9% used [0x00000000f7b80000,0x00000000f7cfad28,0x00000000f8b80000)
  to   space 20480K, 0% used [0x00000000f6380000,0x00000000f6380000,0x00000000f7780000)
 ParOldGen       total 131072K, used 59478K [0x00000000a0000000, 0x00000000a8000000, 0x00000000e0000000)
  object space 131072K, 45% used [0x00000000a0000000,0x00000000a3a15920,0x00000000a8000000)
 Metaspace       used 84400K, capacity 87602K, committed 87728K, reserved 1126400K
  class space    used 10948K, capacity 11646K, committed 11696K, reserved 1048576K
Event: 918.475 GC heap after
Heap after GC invocations=24 (full 3):
 PSYoungGen      total 384512K, used 6095K [0x00000000e0000000, 0x00000000f8b80000, 0x0000000100000000)
  eden space 364032K, 0% used [0x00000000e0000000,0x00000000e0000000,0x00000000f6380000)
  from space 20480K, 29% used [0x00000000f6380000,0x00000000f6973ec8,0x00000000f7780000)
  to   space 16384K, 0% used [0x00000000f7b80000,0x00000000f7b80000,0x00000000f8b80000)
 ParOldGen       total 131072K, used 59486K [0x00000000a0000000, 0x00000000a8000000, 0x00000000e0000000)
  object space 131072K, 45% used [0x00000000a0000000,0x00000000a3a17920,0x00000000a8000000)
 Metaspace       used 84400K, capacity 87602K, committed 87728K, reserved 1126400K
  class space    used 10948K, capacity 11646K, committed 11696K, reserved 1048576K
}

