# JRE version: OpenJDK Runtime Environment (8.0_152-b01) (build 1.8.0_152-release-1248-b01)
# Java VM: OpenJDK 64-Bit Server VM (25.152-b01 mixed mode windows-amd64 compressed oops)
Heap:
 PSYoungGen      total 327680K, used 198214K [0x00000000e0000000, 0x00000000f5900000, 0x0000000100000000)
  eden space 313856K, 58% used [0x00000000e0000000,0x00000000eb485b80,0x00000000f3280000)
  from space 13824K, 96% used [0x00000000f4b80000,0x00000000f588c030,0x00000000f5900000)
  to   space 19456K, 0% used [0x00000000f3300000,0x00000000f3300000,0x00000000f4600000)
 ParOldGen       total 140800K, used 44245K [0x00000000a0000000, 0x00000000a8980000, 0x00000000e0000000)
  object space 140800K, 31% used [0x00000000a0000000,0x00000000a2b35500,0x00000000a8980000)
 Metaspace       used 85544K, capacity 89272K, committed 89392K, reserved 1126400K
  class space    used 11014K, capacity 11769K, committed 11824K, reserved 1048576K
GC Heap History (10 events):
Event: 707.841 GC heap before
{Heap before GC invocations=21 (full 3):
 PSYoungGen      total 233472K, used 233305K [0x00000000e0000000, 0x00000000f2280000, 0x0000000100000000)
  eden space 216064K, 100% used [0x00000000e0000000,0x00000000ed300000,0x00000000ed300000)
  from space 17408K, 99% used [0x00000000ed300000,0x00000000ee3d6728,0x00000000ee400000)
  to   space 19456K, 0% used [0x00000000f0f80000,0x00000000f0f80000,0x00000000f2280000)
 ParOldGen       total 140800K, used 42179K [0x00000000a0000000, 0x00000000a8980000, 0x00000000e0000000)
  object space 140800K, 29% used [0x00000000a0000000,0x00000000a2930d70,0x00000000a8980000)
 Metaspace       used 83467K, capacity 86444K, committed 86576K, reserved 1124352K
  class space    used 10886K, capacity 11515K, committed 11568K, reserved 1048576K
Event: 707.870 GC heap after
Heap after GC invocations=21 (full 3):
 PSYoungGen      total 268800K, used 16076K [0x00000000e0000000, 0x00000000f1f80000, 0x0000000100000000)
  eden space 252416K, 0% used [0x00000000e0000000,0x00000000e0000000,0x00000000ef680000)
  from space 16384K, 98% used [0x00000000f0f80000,0x00000000f1f33388,0x00000000f1f80000)
  to   space 20992K, 0% used [0x00000000ef680000,0x00000000ef680000,0x00000000f0b00000)
 ParOldGen       total 140800K, used 44221K [0x00000000a0000000, 0x00000000a8980000, 0x00000000e0000000)
  object space 140800K, 31% used [0x00000000a0000000,0x00000000a2b2f500,0x00000000a8980000)
 Metaspace       used 83467K, capacity 86444K, committed 86576K, reserved 1124352K
  class space    used 10886K, capacity 11515K, committed 11568K, reserved 1048576K
}
Event: 1005.178 GC heap before
{Heap before GC invocations=22 (full 3):
 PSYoungGen      total 268800K, used 267628K [0x00000000e0000000, 0x00000000f1f80000, 0x0000000100000000)
  eden space 252416K, 99% used [0x00000000e0000000,0x00000000ef5a8030,0x00000000ef680000)
  from space 16384K, 98% used [0x00000000f0f80000,0x00000000f1f33388,0x00000000f1f80000)
  to   space 20992K, 0% used [0x00000000ef680000,0x00000000ef680000,0x00000000f0b00000)
 ParOldGen       total 140800K, used 44221K [0x00000000a0000000, 0x00000000a8980000, 0x00000000e0000000)
  object space 140800K, 31% used [0x00000000a0000000,0x00000000a2b2f500,0x00000000a8980000)
 Metaspace       used 84236K, capacity 87266K, committed 87472K, reserved 1124352K
  class space    used 10925K, capacity 11608K, committed 11696K, reserved 1048576K
Event: 1005.212 GC heap after
Heap after GC invocations=22 (full 3):
 PSYoungGen      total 273408K, used 10908K [0x00000000e0000000, 0x00000000f4000000, 0x0000000100000000)
  eden space 252416K, 0% used [0x00000000e0000000,0x00000000e0000000,0x00000000ef680000)
  from space 20992K, 51% used [0x00000000ef680000,0x00000000f01272d0,0x00000000f0b00000)
  to   space 19968K, 0% used [0x00000000f2c80000,0x00000000f2c80000,0x00000000f4000000)
 ParOldGen       total 140800K, used 44229K [0x00000000a0000000, 0x00000000a8980000, 0x00000000e0000000)
  object space 140800K, 31% used [0x00000000a0000000,0x00000000a2b31500,0x00000000a8980000)
 Metaspace       used 84236K, capacity 87266K, committed 87472K, reserved 1124352K
  class space    used 10925K, capacity 11608K, committed 11696K, reserved 1048576K
}
Event: 1006.220 GC heap before
{Heap before GC invocations=23 (full 3):
 PSYoungGen      total 273408K, used 263324K [0x00000000e0000000, 0x00000000f4000000, 0x0000000100000000)
  eden space 252416K, 100% used [0x00000000e0000000,0x00000000ef680000,0x00000000ef680000)
  from space 20992K, 51% used [0x00000000ef680000,0x00000000f01272d0,0x00000000f0b00000)
  to   space 19968K, 0% used [0x00000000f2c80000,0x00000000f2c80000,0x00000000f4000000)
 ParOldGen       total 140800K, used 44229K [0x00000000a0000000, 0x00000000a8980000, 0x00000000e0000000)
  object space 140800K, 31% used [0x00000000a0000000,0x00000000a2b31500,0x00000000a8980000)
 Metaspace       used 84277K, capacity 87400K, committed 87728K, reserved 1126400K
  class space    used 10926K, capacity 11609K, committed 11696K, reserved 1048576K
Event: 1006.239 GC heap after
Heap after GC invocations=23 (full 3):
 PSYoungGen      total 306688K, used 7011K [0x00000000e0000000, 0x00000000f3f80000, 0x0000000100000000)
  eden space 287232K, 0% used [0x00000000e0000000,0x00000000e0000000,0x00000000f1880000)
  from space 19456K, 36% used [0x00000000f2c80000,0x00000000f3358c60,0x00000000f3f80000)
  to   space 19968K, 0% used [0x00000000f1880000,0x00000000f1880000,0x00000000f2c00000)
 ParOldGen       total 140800K, used 44237K [0x00000000a0000000, 0x00000000a8980000, 0x00000000e0000000)
  object space 140800K, 31% used [0x00000000a0000000,0x00000000a2b33500,0x00000000a8980000)
 Metaspace       used 84277K, capacity 87400K, committed 87728K, reserved 1126400K
  class space    used 10926K, capacity 11609K, committed 11696K, reserved 1048576K
}
Event: 1107.744 GC heap before
{Heap before GC invocations=24 (full 3):
 PSYoungGen      total 306688K, used 293355K [0x00000000e0000000, 0x00000000f3f80000, 0x0000000100000000)
  eden space 287232K, 99% used [0x00000000e0000000,0x00000000f17a2090,0x00000000f1880000)
  from space 19456K, 36% used [0x00000000f2c80000,0x00000000f3358c60,0x00000000f3f80000)
  to   space 19968K, 0% used [0x00000000f1880000,0x00000000f1880000,0x00000000f2c00000)
 ParOldGen       total 140800K, used 44237K [0x00000000a0000000, 0x00000000a8980000, 0x00000000e0000000)
  object space 140800K, 31% used [0x00000000a0000000,0x00000000a2b33500,0x00000000a8980000)
 Metaspace       used 84750K, capacity 87970K, committed 88240K, reserved 1126400K
  class space    used 10949K, capacity 11650K, committed 11696K, reserved 1048576K
Event: 1107.767 GC heap after
Heap after GC invocations=24 (full 3):
 PSYoungGen      total 307200K, used 7116K [0x00000000e0000000, 0x00000000f5e80000, 0x0000000100000000)
  eden space 287232K, 0% used [0x00000000e0000000,0x00000000e0000000,0x00000000f1880000)
  from space 19968K, 35% used [0x00000000f1880000,0x00000000f1f733e0,0x00000000f2c00000)
  to   space 19456K, 0% used [0x00000000f4b80000,0x00000000f4b80000,0x00000000f5e80000)
 ParOldGen       total 140800K, used 44237K [0x00000000a0000000, 0x00000000a8980000, 0x00000000e0000000)
  object space 140800K, 31% used [0x00000000a0000000,0x00000000a2b33500,0x00000000a8980000)
 Metaspace       used 84750K, capacity 87970K, committed 88240K, reserved 1126400K
  class space    used 10949K, capacity 11650K, committed 11696K, reserved 1048576K
}
Event: 1161.577 GC heap before
{Heap before GC invocations=25 (full 3):
 PSYoungGen      total 307200K, used 294348K [0x00000000e0000000, 0x00000000f5e80000, 0x0000000100000000)
  eden space 287232K, 100% used [0x00000000e0000000,0x00000000f1880000,0x00000000f1880000)
  from space 19968K, 35% used [0x00000000f1880000,0x00000000f1f733e0,0x00000000f2c00000)
  to   space 19456K, 0% used [0x00000000f4b80000,0x00000000f4b80000,0x00000000f5e80000)
 ParOldGen       total 140800K, used 44237K [0x00000000a0000000, 0x00000000a8980000, 0x00000000e0000000)
  object space 140800K, 31% used [0x00000000a0000000,0x00000000a2b33500,0x00000000a8980000)
 Metaspace       used 84922K, capacity 88202K, committed 88496K, reserved 1126400K
  class space    used 10952K, capacity 11656K, committed 11696K, reserved 1048576K
Event: 1161.602 GC heap after
Heap after GC invocations=25 (full 3):
 PSYoungGen      total 327680K, used 13360K [0x00000000e0000000, 0x00000000f5900000, 0x0000000100000000)
  eden space 313856K, 0% used [0x00000000e0000000,0x00000000e0000000,0x00000000f3280000)
  from space 13824K, 96% used [0x00000000f4b80000,0x00000000f588c030,0x00000000f5900000)
  to   space 19456K, 0% used [0x00000000f3300000,0x00000000f3300000,0x00000000f4600000)
 ParOldGen       total 140800K, used 44245K [0x00000000a0000000, 0x00000000a8980000, 0x00000000e0000000)
  object space 140800K, 31% used [0x00000000a0000000,0x00000000a2b35500,0x00000000a8980000)
 Metaspace       used 84922K, capacity 88202K, committed 88496K, reserved 1126400K
  class space    used 10952K, capacity 11656K, committed 11696K, reserved 1048576K
}

