# JRE version: OpenJDK Runtime Environment (8.0_152-b01) (build 1.8.0_152-release-1248-b01)
# Java VM: OpenJDK 64-Bit Server VM (25.152-b01 mixed mode windows-amd64 compressed oops)
Heap:
 PSYoungGen      total 430592K, used 279855K [0x00000000e0000000, 0x00000000fec80000, 0x0000000100000000)
  eden space 416768K, 63% used [0x00000000e0000000,0x00000000f03d6098,0x00000000f9700000)
  from space 13824K, 99% used [0x00000000fdf00000,0x00000000fec75c68,0x00000000fec80000)
  to   space 25088K, 0% used [0x00000000fbb80000,0x00000000fbb80000,0x00000000fd400000)
 ParOldGen       total 152576K, used 66549K [0x00000000a0000000, 0x00000000a9500000, 0x00000000e0000000)
  object space 152576K, 43% used [0x00000000a0000000,0x00000000a40fd488,0x00000000a9500000)
 Metaspace       used 93183K, capacity 97818K, committed 98048K, reserved 1134592K
  class space    used 11650K, capacity 12528K, committed 12544K, reserved 1048576K
GC Heap History (10 events):
Event: 135.344 GC heap before
{Heap before GC invocations=43 (full 3):
 PSYoungGen      total 507392K, used 506850K [0x00000000e0000000, 0x0000000100000000, 0x0000000100000000)
  eden space 493056K, 99% used [0x00000000e0000000,0x00000000fe100218,0x00000000fe180000)
  from space 14336K, 99% used [0x00000000fe180000,0x00000000fef786c8,0x00000000fef80000)
  to   space 16896K, 0% used [0x00000000fef80000,0x00000000fef80000,0x0000000100000000)
 ParOldGen       total 152576K, used 55241K [0x00000000a0000000, 0x00000000a9500000, 0x00000000e0000000)
  object space 152576K, 36% used [0x00000000a0000000,0x00000000a35f2720,0x00000000a9500000)
 Metaspace       used 89132K, capacity 92684K, committed 92800K, reserved 1130496K
  class space    used 11281K, capacity 12049K, committed 12160K, reserved 1048576K
Event: 135.357 GC heap after
Heap after GC invocations=43 (full 3):
 PSYoungGen      total 506368K, used 10323K [0x00000000e0000000, 0x0000000100000000, 0x0000000100000000)
  eden space 489472K, 0% used [0x00000000e0000000,0x00000000e0000000,0x00000000fde00000)
  from space 16896K, 61% used [0x00000000fef80000,0x00000000ff994d28,0x0000000100000000)
  to   space 17408K, 0% used [0x00000000fde00000,0x00000000fde00000,0x00000000fef00000)
 ParOldGen       total 152576K, used 55265K [0x00000000a0000000, 0x00000000a9500000, 0x00000000e0000000)
  object space 152576K, 36% used [0x00000000a0000000,0x00000000a35f8720,0x00000000a9500000)
 Metaspace       used 89132K, capacity 92684K, committed 92800K, reserved 1130496K
  class space    used 11281K, capacity 12049K, committed 12160K, reserved 1048576K
}
Event: 637.490 GC heap before
{Heap before GC invocations=44 (full 3):
 PSYoungGen      total 506368K, used 499795K [0x00000000e0000000, 0x0000000100000000, 0x0000000100000000)
  eden space 489472K, 100% used [0x00000000e0000000,0x00000000fde00000,0x00000000fde00000)
  from space 16896K, 61% used [0x00000000fef80000,0x00000000ff994d28,0x0000000100000000)
  to   space 17408K, 0% used [0x00000000fde00000,0x00000000fde00000,0x00000000fef00000)
 ParOldGen       total 152576K, used 55265K [0x00000000a0000000, 0x00000000a9500000, 0x00000000e0000000)
  object space 152576K, 36% used [0x00000000a0000000,0x00000000a35f8720,0x00000000a9500000)
 Metaspace       used 91301K, capacity 95188K, committed 95360K, reserved 1132544K
  class space    used 11527K, capacity 12309K, committed 12416K, reserved 1048576K
Event: 637.523 GC heap after
Heap after GC invocations=44 (full 3):
 PSYoungGen      total 487424K, used 17382K [0x00000000e0000000, 0x00000000ff400000, 0x0000000100000000)
  eden space 470016K, 0% used [0x00000000e0000000,0x00000000e0000000,0x00000000fcb00000)
  from space 17408K, 99% used [0x00000000fde00000,0x00000000feef9aa8,0x00000000fef00000)
  to   space 5120K, 0% used [0x00000000fef00000,0x00000000fef00000,0x00000000ff400000)
 ParOldGen       total 152576K, used 57627K [0x00000000a0000000, 0x00000000a9500000, 0x00000000e0000000)
  object space 152576K, 37% used [0x00000000a0000000,0x00000000a3846c38,0x00000000a9500000)
 Metaspace       used 91301K, capacity 95188K, committed 95360K, reserved 1132544K
  class space    used 11527K, capacity 12309K, committed 12416K, reserved 1048576K
}
Event: 1805.946 GC heap before
{Heap before GC invocations=45 (full 3):
 PSYoungGen      total 487424K, used 487398K [0x00000000e0000000, 0x00000000ff400000, 0x0000000100000000)
  eden space 470016K, 100% used [0x00000000e0000000,0x00000000fcb00000,0x00000000fcb00000)
  from space 17408K, 99% used [0x00000000fde00000,0x00000000feef9aa8,0x00000000fef00000)
  to   space 5120K, 0% used [0x00000000fef00000,0x00000000fef00000,0x00000000ff400000)
 ParOldGen       total 152576K, used 57627K [0x00000000a0000000, 0x00000000a9500000, 0x00000000e0000000)
  object space 152576K, 37% used [0x00000000a0000000,0x00000000a3846c38,0x00000000a9500000)
 Metaspace       used 92207K, capacity 96284K, committed 96384K, reserved 1132544K
  class space    used 11568K, capacity 12381K, committed 12416K, reserved 1048576K
Event: 1805.993 GC heap after
Heap after GC invocations=45 (full 3):
 PSYoungGen      total 456704K, used 5103K [0x00000000e0000000, 0x00000000ff400000, 0x0000000100000000)
  eden space 451584K, 0% used [0x00000000e0000000,0x00000000e0000000,0x00000000fb900000)
  from space 5120K, 99% used [0x00000000fef00000,0x00000000ff3fbeb8,0x00000000ff400000)
  to   space 21504K, 0% used [0x00000000fca00000,0x00000000fca00000,0x00000000fdf00000)
 ParOldGen       total 152576K, used 66123K [0x00000000a0000000, 0x00000000a9500000, 0x00000000e0000000)
  object space 152576K, 43% used [0x00000000a0000000,0x00000000a4092c28,0x00000000a9500000)
 Metaspace       used 92207K, capacity 96284K, committed 96384K, reserved 1132544K
  class space    used 11568K, capacity 12381K, committed 12416K, reserved 1048576K
}
Event: 2029.805 GC heap before
{Heap before GC invocations=46 (full 3):
 PSYoungGen      total 456704K, used 456687K [0x00000000e0000000, 0x00000000ff400000, 0x0000000100000000)
  eden space 451584K, 100% used [0x00000000e0000000,0x00000000fb900000,0x00000000fb900000)
  from space 5120K, 99% used [0x00000000fef00000,0x00000000ff3fbeb8,0x00000000ff400000)
  to   space 21504K, 0% used [0x00000000fca00000,0x00000000fca00000,0x00000000fdf00000)
 ParOldGen       total 152576K, used 66123K [0x00000000a0000000, 0x00000000a9500000, 0x00000000e0000000)
  object space 152576K, 43% used [0x00000000a0000000,0x00000000a4092c28,0x00000000a9500000)
 Metaspace       used 92861K, capacity 97536K, committed 97792K, reserved 1134592K
  class space    used 11647K, capacity 12525K, committed 12544K, reserved 1048576K
Event: 2029.848 GC heap after
Heap after GC invocations=46 (full 3):
 PSYoungGen      total 455168K, used 21490K [0x00000000e0000000, 0x00000000fef80000, 0x0000000100000000)
  eden space 433664K, 0% used [0x00000000e0000000,0x00000000e0000000,0x00000000fa780000)
  from space 21504K, 99% used [0x00000000fca00000,0x00000000fdefc9f8,0x00000000fdf00000)
  to   space 16896K, 0% used [0x00000000fdf00000,0x00000000fdf00000,0x00000000fef80000)
 ParOldGen       total 152576K, used 66533K [0x00000000a0000000, 0x00000000a9500000, 0x00000000e0000000)
  object space 152576K, 43% used [0x00000000a0000000,0x00000000a40f9488,0x00000000a9500000)
 Metaspace       used 92861K, capacity 97536K, committed 97792K, reserved 1134592K
  class space    used 11647K, capacity 12525K, committed 12544K, reserved 1048576K
}
Event: 2293.532 GC heap before
{Heap before GC invocations=47 (full 3):
 PSYoungGen      total 455168K, used 454351K [0x00000000e0000000, 0x00000000fef80000, 0x0000000100000000)
  eden space 433664K, 99% used [0x00000000e0000000,0x00000000fa6b7498,0x00000000fa780000)
  from space 21504K, 99% used [0x00000000fca00000,0x00000000fdefc9f8,0x00000000fdf00000)
  to   space 16896K, 0% used [0x00000000fdf00000,0x00000000fdf00000,0x00000000fef80000)
 ParOldGen       total 152576K, used 66533K [0x00000000a0000000, 0x00000000a9500000, 0x00000000e0000000)
  object space 152576K, 43% used [0x00000000a0000000,0x00000000a40f9488,0x00000000a9500000)
 Metaspace       used 93073K, capacity 97686K, committed 97792K, reserved 1134592K
  class space    used 11650K, capacity 12528K, committed 12544K, reserved 1048576K
Event: 2293.564 GC heap after
Heap after GC invocations=47 (full 3):
 PSYoungGen      total 430592K, used 13783K [0x00000000e0000000, 0x00000000fec80000, 0x0000000100000000)
  eden space 416768K, 0% used [0x00000000e0000000,0x00000000e0000000,0x00000000f9700000)
  from space 13824K, 99% used [0x00000000fdf00000,0x00000000fec75c68,0x00000000fec80000)
  to   space 25088K, 0% used [0x00000000fbb80000,0x00000000fbb80000,0x00000000fd400000)
 ParOldGen       total 152576K, used 66549K [0x00000000a0000000, 0x00000000a9500000, 0x00000000e0000000)
  object space 152576K, 43% used [0x00000000a0000000,0x00000000a40fd488,0x00000000a9500000)
 Metaspace       used 93073K, capacity 97686K, committed 97792K, reserved 1134592K
  class space    used 11650K, capacity 12528K, committed 12544K, reserved 1048576K
}

