# JRE version: OpenJDK Runtime Environment (8.0_152-b01) (build 1.8.0_152-release-1248-b01)
# Java VM: OpenJDK 64-Bit Server VM (25.152-b01 mixed mode windows-amd64 compressed oops)
Heap:
 PSYoungGen      total 200704K, used 17111K [0x00000000e0000000, 0x00000000f0880000, 0x0000000100000000)
  eden space 183808K, 9% used [0x00000000e0000000,0x00000000e10b5c38,0x00000000eb380000)
  from space 16896K, 0% used [0x00000000eb380000,0x00000000eb380000,0x00000000ec400000)
  to   space 21504K, 0% used [0x00000000ef380000,0x00000000ef380000,0x00000000f0880000)
 ParOldGen       total 143360K, used 35534K [0x00000000a0000000, 0x00000000a8c00000, 0x00000000e0000000)
  object space 143360K, 24% used [0x00000000a0000000,0x00000000a22b38e8,0x00000000a8c00000)
 Metaspace       used 58063K, capacity 59642K, committed 59816K, reserved 1101824K
  class space    used 7941K, capacity 8352K, committed 8368K, reserved 1048576K
GC Heap History (10 events):
Event: 19.549 GC heap before
{Heap before GC invocations=8 (full 1):
 PSYoungGen      total 120832K, used 105614K [0x00000000e0000000, 0x00000000e9480000, 0x0000000100000000)
  eden space 113152K, 86% used [0x00000000e0000000,0x00000000e601bf90,0x00000000e6e80000)
  from space 7680K, 93% used [0x00000000e8d00000,0x00000000e9407878,0x00000000e9480000)
  to   space 10752K, 0% used [0x00000000e7f80000,0x00000000e7f80000,0x00000000e8a00000)
 ParOldGen       total 58880K, used 9494K [0x00000000a0000000, 0x00000000a3980000, 0x00000000e0000000)
  object space 58880K, 16% used [0x00000000a0000000,0x00000000a0945a08,0x00000000a3980000)
 Metaspace       used 34718K, capacity 35346K, committed 35496K, reserved 1079296K
  class space    used 4830K, capacity 5029K, committed 5040K, reserved 1048576K
Event: 19.580 GC heap after
Heap after GC invocations=8 (full 1):
 PSYoungGen      total 141312K, used 10721K [0x00000000e0000000, 0x00000000ed180000, 0x0000000100000000)
  eden space 130560K, 0% used [0x00000000e0000000,0x00000000e0000000,0x00000000e7f80000)
  from space 10752K, 99% used [0x00000000e7f80000,0x00000000e89f8748,0x00000000e8a00000)
  to   space 13312K, 0% used [0x00000000ec480000,0x00000000ec480000,0x00000000ed180000)
 ParOldGen       total 58880K, used 11572K [0x00000000a0000000, 0x00000000a3980000, 0x00000000e0000000)
  object space 58880K, 19% used [0x00000000a0000000,0x00000000a0b4d3c8,0x00000000a3980000)
 Metaspace       used 34718K, capacity 35346K, committed 35496K, reserved 1079296K
  class space    used 4830K, capacity 5029K, committed 5040K, reserved 1048576K
}
Event: 19.580 GC heap before
{Heap before GC invocations=9 (full 2):
 PSYoungGen      total 141312K, used 10721K [0x00000000e0000000, 0x00000000ed180000, 0x0000000100000000)
  eden space 130560K, 0% used [0x00000000e0000000,0x00000000e0000000,0x00000000e7f80000)
  from space 10752K, 99% used [0x00000000e7f80000,0x00000000e89f8748,0x00000000e8a00000)
  to   space 13312K, 0% used [0x00000000ec480000,0x00000000ec480000,0x00000000ed180000)
 ParOldGen       total 58880K, used 11572K [0x00000000a0000000, 0x00000000a3980000, 0x00000000e0000000)
  object space 58880K, 19% used [0x00000000a0000000,0x00000000a0b4d3c8,0x00000000a3980000)
 Metaspace       used 34718K, capacity 35346K, committed 35496K, reserved 1079296K
  class space    used 4830K, capacity 5029K, committed 5040K, reserved 1048576K
Event: 19.789 GC heap after
Heap after GC invocations=9 (full 2):
 PSYoungGen      total 141312K, used 0K [0x00000000e0000000, 0x00000000ed180000, 0x0000000100000000)
  eden space 130560K, 0% used [0x00000000e0000000,0x00000000e0000000,0x00000000e7f80000)
  from space 10752K, 0% used [0x00000000e7f80000,0x00000000e7f80000,0x00000000e8a00000)
  to   space 13312K, 0% used [0x00000000ec480000,0x00000000ec480000,0x00000000ed180000)
 ParOldGen       total 94720K, used 19271K [0x00000000a0000000, 0x00000000a5c80000, 0x00000000e0000000)
  object space 94720K, 20% used [0x00000000a0000000,0x00000000a12d1eb8,0x00000000a5c80000)
 Metaspace       used 34718K, capacity 35346K, committed 35496K, reserved 1079296K
  class space    used 4830K, capacity 5029K, committed 5040K, reserved 1048576K
}
Event: 25.169 GC heap before
{Heap before GC invocations=10 (full 2):
 PSYoungGen      total 141312K, used 130560K [0x00000000e0000000, 0x00000000ed180000, 0x0000000100000000)
  eden space 130560K, 100% used [0x00000000e0000000,0x00000000e7f80000,0x00000000e7f80000)
  from space 10752K, 0% used [0x00000000e7f80000,0x00000000e7f80000,0x00000000e8a00000)
  to   space 13312K, 0% used [0x00000000ec480000,0x00000000ec480000,0x00000000ed180000)
 ParOldGen       total 94720K, used 19271K [0x00000000a0000000, 0x00000000a5c80000, 0x00000000e0000000)
  object space 94720K, 20% used [0x00000000a0000000,0x00000000a12d1eb8,0x00000000a5c80000)
 Metaspace       used 47915K, capacity 48798K, committed 49064K, reserved 1091584K
  class space    used 6483K, capacity 6748K, committed 6832K, reserved 1048576K
Event: 25.221 GC heap after
Heap after GC invocations=10 (full 2):
 PSYoungGen      total 197120K, used 13282K [0x00000000e0000000, 0x00000000ed480000, 0x0000000100000000)
  eden space 183808K, 0% used [0x00000000e0000000,0x00000000e0000000,0x00000000eb380000)
  from space 13312K, 99% used [0x00000000ec480000,0x00000000ed178958,0x00000000ed180000)
  to   space 16896K, 0% used [0x00000000eb380000,0x00000000eb380000,0x00000000ec400000)
 ParOldGen       total 94720K, used 23505K [0x00000000a0000000, 0x00000000a5c80000, 0x00000000e0000000)
  object space 94720K, 24% used [0x00000000a0000000,0x00000000a16f46f0,0x00000000a5c80000)
 Metaspace       used 47915K, capacity 48798K, committed 49064K, reserved 1091584K
  class space    used 6483K, capacity 6748K, committed 6832K, reserved 1048576K
}
Event: 31.197 GC heap before
{Heap before GC invocations=11 (full 2):
 PSYoungGen      total 197120K, used 135184K [0x00000000e0000000, 0x00000000ed480000, 0x0000000100000000)
  eden space 183808K, 66% used [0x00000000e0000000,0x00000000e770ba48,0x00000000eb380000)
  from space 13312K, 99% used [0x00000000ec480000,0x00000000ed178958,0x00000000ed180000)
  to   space 16896K, 0% used [0x00000000eb380000,0x00000000eb380000,0x00000000ec400000)
 ParOldGen       total 94720K, used 23505K [0x00000000a0000000, 0x00000000a5c80000, 0x00000000e0000000)
  object space 94720K, 24% used [0x00000000a0000000,0x00000000a16f46f0,0x00000000a5c80000)
 Metaspace       used 57546K, capacity 59054K, committed 59160K, reserved 1099776K
  class space    used 7877K, capacity 8286K, committed 8368K, reserved 1048576K
Event: 31.255 GC heap after
Heap after GC invocations=11 (full 2):
 PSYoungGen      total 200704K, used 16879K [0x00000000e0000000, 0x00000000f0880000, 0x0000000100000000)
  eden space 183808K, 0% used [0x00000000e0000000,0x00000000e0000000,0x00000000eb380000)
  from space 16896K, 99% used [0x00000000eb380000,0x00000000ec3fbd50,0x00000000ec400000)
  to   space 21504K, 0% used [0x00000000ef380000,0x00000000ef380000,0x00000000f0880000)
 ParOldGen       total 94720K, used 29024K [0x00000000a0000000, 0x00000000a5c80000, 0x00000000e0000000)
  object space 94720K, 30% used [0x00000000a0000000,0x00000000a1c58090,0x00000000a5c80000)
 Metaspace       used 57546K, capacity 59054K, committed 59160K, reserved 1099776K
  class space    used 7877K, capacity 8286K, committed 8368K, reserved 1048576K
}
Event: 31.255 GC heap before
{Heap before GC invocations=12 (full 3):
 PSYoungGen      total 200704K, used 16879K [0x00000000e0000000, 0x00000000f0880000, 0x0000000100000000)
  eden space 183808K, 0% used [0x00000000e0000000,0x00000000e0000000,0x00000000eb380000)
  from space 16896K, 99% used [0x00000000eb380000,0x00000000ec3fbd50,0x00000000ec400000)
  to   space 21504K, 0% used [0x00000000ef380000,0x00000000ef380000,0x00000000f0880000)
 ParOldGen       total 94720K, used 29024K [0x00000000a0000000, 0x00000000a5c80000, 0x00000000e0000000)
  object space 94720K, 30% used [0x00000000a0000000,0x00000000a1c58090,0x00000000a5c80000)
 Metaspace       used 57546K, capacity 59054K, committed 59160K, reserved 1099776K
  class space    used 7877K, capacity 8286K, committed 8368K, reserved 1048576K
Event: 31.860 GC heap after
Heap after GC invocations=12 (full 3):
 PSYoungGen      total 200704K, used 0K [0x00000000e0000000, 0x00000000f0880000, 0x0000000100000000)
  eden space 183808K, 0% used [0x00000000e0000000,0x00000000e0000000,0x00000000eb380000)
  from space 16896K, 0% used [0x00000000eb380000,0x00000000eb380000,0x00000000ec400000)
  to   space 21504K, 0% used [0x00000000ef380000,0x00000000ef380000,0x00000000f0880000)
 ParOldGen       total 143360K, used 35534K [0x00000000a0000000, 0x00000000a8c00000, 0x00000000e0000000)
  object space 143360K, 24% used [0x00000000a0000000,0x00000000a22b38e8,0x00000000a8c00000)
 Metaspace       used 57546K, capacity 59054K, committed 59160K, reserved 1099776K
  class space    used 7877K, capacity 8286K, committed 8368K, reserved 1048576K
}

